<?xml version="1.0" encoding="UTF-8"?>
<!-- Generated by org.testng.reporters.JUnitReportReporter -->
<testsuite hostname="LAPTOP-QALOLIJK" failures="0" tests="1" name="Flight_Booking.Automation_project.BaseClass" time="11.737" errors="0" timestamp="2024-08-11T11:45:53 IST" skipped="0">
  <testcase classname="Flight_Booking.Automation_project.BaseClass" name="setup" time="11.737"/>
</testsuite> <!-- Flight_Booking.Automation_project.BaseClass -->
